# JRE version: OpenJDK Runtime Environment (8.0_40-b04) (build 1.8.0_40-internal-b04)
# Java VM: OpenJDK Zero VM (25.40-b08 interpreted mode linux-arm )
Heap:
 def new generation   total 4352K, used 4198K [0x66a00000, 0x66ea0000, 0x6b200000)
  eden space 3968K,  96% used [0x66a00000, 0x66db9c00, 0x66de0000)
  from space 384K,  99% used [0x66de0000, 0x66e3fff8, 0x66e40000)
  to   space 384K,   0% used [0x66e40000, 0x66e40000, 0x66ea0000)
 tenured generation   total 9600K, used 3299K [0x6b200000, 0x6bb60000, 0x74200000)
   the space 9600K,  34% used [0x6b200000, 0x6b538c40, 0x6b538e00, 0x6bb60000)
 Metaspace       used 2400K, capacity 2496K, committed 2584K, reserved 4400K
GC Heap History (8 events):
Event: 22.697 GC heap before
{Heap before GC invocations=0 (full 0):
 def new generation   total 4352K, used 3967K [0x66a00000, 0x66ea0000, 0x6b200000)
  eden space 3968K,  99% used [0x66a00000, 0x66ddffe8, 0x66de0000)
  from space 384K,   0% used [0x66de0000, 0x66de0000, 0x66e40000)
  to   space 384K,   0% used [0x66e40000, 0x66e40000, 0x66ea0000)
 tenured generation   total 9600K, used 0K [0x6b200000, 0x6bb60000, 0x74200000)
   the space 9600K,   0% used [0x6b200000, 0x6b200000, 0x6b200200, 0x6bb60000)
 Metaspace       used 2397K, capacity 2496K, committed 2584K, reserved 4400K
Event: 22.714 GC heap after
Heap after GC invocations=1 (full 0):
 def new generation   total 4352K, used 384K [0x66a00000, 0x66ea0000, 0x6b200000)
  eden space 3968K,   0% used [0x66a00000, 0x66a00000, 0x66de0000)
  from space 384K, 100% used [0x66e40000, 0x66ea0000, 0x66ea0000)
  to   space 384K,   0% used [0x66de0000, 0x66de0000, 0x66e40000)
 tenured generation   total 9600K, used 893K [0x6b200000, 0x6bb60000, 0x74200000)
   the space 9600K,   9% used [0x6b200000, 0x6b2df538, 0x6b2df600, 0x6bb60000)
 Metaspace       used 2397K, capacity 2496K, committed 2584K, reserved 4400K
}
Event: 66.527 GC heap before
{Heap before GC invocations=1 (full 0):
 def new generation   total 4352K, used 4351K [0x66a00000, 0x66ea0000, 0x6b200000)
  eden space 3968K,  99% used [0x66a00000, 0x66ddffe0, 0x66de0000)
  from space 384K, 100% used [0x66e40000, 0x66ea0000, 0x66ea0000)
  to   space 384K,   0% used [0x66de0000, 0x66de0000, 0x66e40000)
 tenured generation   total 9600K, used 893K [0x6b200000, 0x6bb60000, 0x74200000)
   the space 9600K,   9% used [0x6b200000, 0x6b2df538, 0x6b2df600, 0x6bb60000)
 Metaspace       used 2399K, capacity 2496K, committed 2584K, reserved 4400K
Event: 66.563 GC heap after
Heap after GC invocations=2 (full 0):
 def new generation   total 4352K, used 383K [0x66a00000, 0x66ea0000, 0x6b200000)
  eden space 3968K,   0% used [0x66a00000, 0x66a00000, 0x66de0000)
  from space 384K,  99% used [0x66de0000, 0x66e3fff8, 0x66e40000)
  to   space 384K,   0% used [0x66e40000, 0x66e40000, 0x66ea0000)
 tenured generation   total 9600K, used 1983K [0x6b200000, 0x6bb60000, 0x74200000)
   the space 9600K,  20% used [0x6b200000, 0x6b3eff48, 0x6b3f0000, 0x6bb60000)
 Metaspace       used 2399K, capacity 2496K, committed 2584K, reserved 4400K
}
Event: 111.590 GC heap before
{Heap before GC invocations=2 (full 0):
 def new generation   total 4352K, used 4351K [0x66a00000, 0x66ea0000, 0x6b200000)
  eden space 3968K,  99% used [0x66a00000, 0x66ddfff8, 0x66de0000)
  from space 384K,  99% used [0x66de0000, 0x66e3fff8, 0x66e40000)
  to   space 384K,   0% used [0x66e40000, 0x66e40000, 0x66ea0000)
 tenured generation   total 9600K, used 1983K [0x6b200000, 0x6bb60000, 0x74200000)
   the space 9600K,  20% used [0x6b200000, 0x6b3eff48, 0x6b3f0000, 0x6bb60000)
 Metaspace       used 2399K, capacity 2496K, committed 2584K, reserved 4400K
Event: 111.614 GC heap after
Heap after GC invocations=3 (full 0):
 def new generation   total 4352K, used 384K [0x66a00000, 0x66ea0000, 0x6b200000)
  eden space 3968K,   0% used [0x66a00000, 0x66a00000, 0x66de0000)
  from space 384K, 100% used [0x66e40000, 0x66ea0000, 0x66ea0000)
  to   space 384K,   0% used [0x66de0000, 0x66de0000, 0x66e40000)
 tenured generation   total 9600K, used 2641K [0x6b200000, 0x6bb60000, 0x74200000)
   the space 9600K,  27% used [0x6b200000, 0x6b494740, 0x6b494800, 0x6bb60000)
 Metaspace       used 2399K, capacity 2496K, committed 2584K, reserved 4400K
}
Event: 353.232 GC heap before
{Heap before GC invocations=3 (full 0):
 def new generation   total 4352K, used 4351K [0x66a00000, 0x66ea0000, 0x6b200000)
  eden space 3968K,  99% used [0x66a00000, 0x66ddfff8, 0x66de0000)
  from space 384K, 100% used [0x66e40000, 0x66ea0000, 0x66ea0000)
  to   space 384K,   0% used [0x66de0000, 0x66de0000, 0x66e40000)
 tenured generation   total 9600K, used 2641K [0x6b200000, 0x6bb60000, 0x74200000)
   the space 9600K,  27% used [0x6b200000, 0x6b494740, 0x6b494800, 0x6bb60000)
 Metaspace       used 2399K, capacity 2496K, committed 2584K, reserved 4400K
Event: 353.255 GC heap after
Heap after GC invocations=4 (full 0):
 def new generation   total 4352K, used 383K [0x66a00000, 0x66ea0000, 0x6b200000)
  eden space 3968K,   0% used [0x66a00000, 0x66a00000, 0x66de0000)
  from space 384K,  99% used [0x66de0000, 0x66e3fff8, 0x66e40000)
  to   space 384K,   0% used [0x66e40000, 0x66e40000, 0x66ea0000)
 tenured generation   total 9600K, used 3299K [0x6b200000, 0x6bb60000, 0x74200000)
   the space 9600K,  34% used [0x6b200000, 0x6b538c40, 0x6b538e00, 0x6bb60000)
 Metaspace       used 2399K, capacity 2496K, committed 2584K, reserved 4400K
}

