# JRE version: OpenJDK Runtime Environment (8.0_40-b04) (build 1.8.0_40-internal-b04)
# Java VM: OpenJDK Zero VM (25.40-b08 interpreted mode linux-arm )
Heap:
 def new generation   total 4352K, used 2123K [0x66a00000, 0x66ea0000, 0x6b200000)
  eden space 3968K,  43% used [0x66a00000, 0x66bb2ef8, 0x66de0000)
  from space 384K,  99% used [0x66de0000, 0x66e3fff8, 0x66e40000)
  to   space 384K,   0% used [0x66e40000, 0x66e40000, 0x66ea0000)
 tenured generation   total 9600K, used 1085K [0x6b200000, 0x6bb60000, 0x74200000)
   the space 9600K,  11% used [0x6b200000, 0x6b30f5f0, 0x6b30f600, 0x6bb60000)
 Metaspace       used 2406K, capacity 2528K, committed 2584K, reserved 4400K
GC Heap History (4 events):
Event: 18.174 GC heap before
{Heap before GC invocations=0 (full 0):
 def new generation   total 4352K, used 3967K [0x66a00000, 0x66ea0000, 0x6b200000)
  eden space 3968K,  99% used [0x66a00000, 0x66ddfdc8, 0x66de0000)
  from space 384K,   0% used [0x66de0000, 0x66de0000, 0x66e40000)
  to   space 384K,   0% used [0x66e40000, 0x66e40000, 0x66ea0000)
 tenured generation   total 9600K, used 0K [0x6b200000, 0x6bb60000, 0x74200000)
   the space 9600K,   0% used [0x6b200000, 0x6b200000, 0x6b200200, 0x6bb60000)
 Metaspace       used 2403K, capacity 2528K, committed 2584K, reserved 4400K
Event: 18.185 GC heap after
Heap after GC invocations=1 (full 0):
 def new generation   total 4352K, used 384K [0x66a00000, 0x66ea0000, 0x6b200000)
  eden space 3968K,   0% used [0x66a00000, 0x66a00000, 0x66de0000)
  from space 384K, 100% used [0x66e40000, 0x66ea0000, 0x66ea0000)
  to   space 384K,   0% used [0x66de0000, 0x66de0000, 0x66e40000)
 tenured generation   total 9600K, used 608K [0x6b200000, 0x6bb60000, 0x74200000)
   the space 9600K,   6% used [0x6b200000, 0x6b2983f8, 0x6b298400, 0x6bb60000)
 Metaspace       used 2403K, capacity 2528K, committed 2584K, reserved 4400K
}
Event: 60.091 GC heap before
{Heap before GC invocations=1 (full 0):
 def new generation   total 4352K, used 4350K [0x66a00000, 0x66ea0000, 0x6b200000)
  eden space 3968K,  99% used [0x66a00000, 0x66ddf990, 0x66de0000)
  from space 384K, 100% used [0x66e40000, 0x66ea0000, 0x66ea0000)
  to   space 384K,   0% used [0x66de0000, 0x66de0000, 0x66e40000)
 tenured generation   total 9600K, used 608K [0x6b200000, 0x6bb60000, 0x74200000)
   the space 9600K,   6% used [0x6b200000, 0x6b2983f8, 0x6b298400, 0x6bb60000)
 Metaspace       used 2403K, capacity 2528K, committed 2584K, reserved 4400K
Event: 60.109 GC heap after
Heap after GC invocations=2 (full 0):
 def new generation   total 4352K, used 383K [0x66a00000, 0x66ea0000, 0x6b200000)
  eden space 3968K,   0% used [0x66a00000, 0x66a00000, 0x66de0000)
  from space 384K,  99% used [0x66de0000, 0x66e3fff8, 0x66e40000)
  to   space 384K,   0% used [0x66e40000, 0x66e40000, 0x66ea0000)
 tenured generation   total 9600K, used 1085K [0x6b200000, 0x6bb60000, 0x74200000)
   the space 9600K,  11% used [0x6b200000, 0x6b30f5f0, 0x6b30f600, 0x6bb60000)
 Metaspace       used 2403K, capacity 2528K, committed 2584K, reserved 4400K
}

