# JRE version: OpenJDK Runtime Environment (8.0_40-b04) (build 1.8.0_40-internal-b04)
# Java VM: OpenJDK Zero VM (25.40-b08 interpreted mode linux-arm )
Heap:
 def new generation   total 4352K, used 3074K [0x66a00000, 0x66ea0000, 0x6b200000)
  eden space 3968K,  67% used [0x66a00000, 0x66ca0b08, 0x66de0000)
  from space 384K, 100% used [0x66de0000, 0x66e40000, 0x66e40000)
  to   space 384K,   0% used [0x66e40000, 0x66e40000, 0x66ea0000)
 tenured generation   total 9600K, used 4554K [0x6b200000, 0x6bb60000, 0x74200000)
   the space 9600K,  47% used [0x6b200000, 0x6b672a60, 0x6b672c00, 0x6bb60000)
 Metaspace       used 2400K, capacity 2496K, committed 2584K, reserved 4400K
GC Heap History (8 events):
Event: 35.250 GC heap before
{Heap before GC invocations=0 (full 0):
 def new generation   total 4352K, used 3967K [0x66a00000, 0x66ea0000, 0x6b200000)
  eden space 3968K,  99% used [0x66a00000, 0x66ddfff8, 0x66de0000)
  from space 384K,   0% used [0x66de0000, 0x66de0000, 0x66e40000)
  to   space 384K,   0% used [0x66e40000, 0x66e40000, 0x66ea0000)
 tenured generation   total 9600K, used 0K [0x6b200000, 0x6bb60000, 0x74200000)
   the space 9600K,   0% used [0x6b200000, 0x6b200000, 0x6b200200, 0x6bb60000)
 Metaspace       used 2397K, capacity 2496K, committed 2584K, reserved 4400K
Event: 35.269 GC heap after
Heap after GC invocations=1 (full 0):
 def new generation   total 4352K, used 384K [0x66a00000, 0x66ea0000, 0x6b200000)
  eden space 3968K,   0% used [0x66a00000, 0x66a00000, 0x66de0000)
  from space 384K, 100% used [0x66e40000, 0x66ea0000, 0x66ea0000)
  to   space 384K,   0% used [0x66de0000, 0x66de0000, 0x66e40000)
 tenured generation   total 9600K, used 1024K [0x6b200000, 0x6bb60000, 0x74200000)
   the space 9600K,  10% used [0x6b200000, 0x6b300310, 0x6b300400, 0x6bb60000)
 Metaspace       used 2397K, capacity 2496K, committed 2584K, reserved 4400K
}
Event: 62.024 GC heap before
{Heap before GC invocations=1 (full 0):
 def new generation   total 4352K, used 4351K [0x66a00000, 0x66ea0000, 0x6b200000)
  eden space 3968K,  99% used [0x66a00000, 0x66ddfff8, 0x66de0000)
  from space 384K, 100% used [0x66e40000, 0x66ea0000, 0x66ea0000)
  to   space 384K,   0% used [0x66de0000, 0x66de0000, 0x66e40000)
 tenured generation   total 9600K, used 1024K [0x6b200000, 0x6bb60000, 0x74200000)
   the space 9600K,  10% used [0x6b200000, 0x6b300310, 0x6b300400, 0x6bb60000)
 Metaspace       used 2397K, capacity 2496K, committed 2584K, reserved 4400K
Event: 62.064 GC heap after
Heap after GC invocations=2 (full 0):
 def new generation   total 4352K, used 384K [0x66a00000, 0x66ea0000, 0x6b200000)
  eden space 3968K,   0% used [0x66a00000, 0x66a00000, 0x66de0000)
  from space 384K, 100% used [0x66de0000, 0x66e40000, 0x66e40000)
  to   space 384K,   0% used [0x66e40000, 0x66e40000, 0x66ea0000)
 tenured generation   total 9600K, used 2428K [0x6b200000, 0x6bb60000, 0x74200000)
   the space 9600K,  25% used [0x6b200000, 0x6b45f1d8, 0x6b45f200, 0x6bb60000)
 Metaspace       used 2397K, capacity 2496K, committed 2584K, reserved 4400K
}
Event: 86.883 GC heap before
{Heap before GC invocations=2 (full 0):
 def new generation   total 4352K, used 4352K [0x66a00000, 0x66ea0000, 0x6b200000)
  eden space 3968K, 100% used [0x66a00000, 0x66de0000, 0x66de0000)
  from space 384K, 100% used [0x66de0000, 0x66e40000, 0x66e40000)
  to   space 384K,   0% used [0x66e40000, 0x66e40000, 0x66ea0000)
 tenured generation   total 9600K, used 2428K [0x6b200000, 0x6bb60000, 0x74200000)
   the space 9600K,  25% used [0x6b200000, 0x6b45f1d8, 0x6b45f200, 0x6bb60000)
 Metaspace       used 2399K, capacity 2496K, committed 2584K, reserved 4400K
Event: 86.912 GC heap after
Heap after GC invocations=3 (full 0):
 def new generation   total 4352K, used 384K [0x66a00000, 0x66ea0000, 0x6b200000)
  eden space 3968K,   0% used [0x66a00000, 0x66a00000, 0x66de0000)
  from space 384K, 100% used [0x66e40000, 0x66ea0000, 0x66ea0000)
  to   space 384K,   0% used [0x66de0000, 0x66de0000, 0x66e40000)
 tenured generation   total 9600K, used 3491K [0x6b200000, 0x6bb60000, 0x74200000)
   the space 9600K,  36% used [0x6b200000, 0x6b568de8, 0x6b568e00, 0x6bb60000)
 Metaspace       used 2399K, capacity 2496K, committed 2584K, reserved 4400K
}
Event: 112.815 GC heap before
{Heap before GC invocations=3 (full 0):
 def new generation   total 4352K, used 4351K [0x66a00000, 0x66ea0000, 0x6b200000)
  eden space 3968K,  99% used [0x66a00000, 0x66ddffe8, 0x66de0000)
  from space 384K, 100% used [0x66e40000, 0x66ea0000, 0x66ea0000)
  to   space 384K,   0% used [0x66de0000, 0x66de0000, 0x66e40000)
 tenured generation   total 9600K, used 3491K [0x6b200000, 0x6bb60000, 0x74200000)
   the space 9600K,  36% used [0x6b200000, 0x6b568de8, 0x6b568e00, 0x6bb60000)
 Metaspace       used 2399K, capacity 2496K, committed 2584K, reserved 4400K
Event: 112.844 GC heap after
Heap after GC invocations=4 (full 0):
 def new generation   total 4352K, used 384K [0x66a00000, 0x66ea0000, 0x6b200000)
  eden space 3968K,   0% used [0x66a00000, 0x66a00000, 0x66de0000)
  from space 384K, 100% used [0x66de0000, 0x66e40000, 0x66e40000)
  to   space 384K,   0% used [0x66e40000, 0x66e40000, 0x66ea0000)
 tenured generation   total 9600K, used 4554K [0x6b200000, 0x6bb60000, 0x74200000)
   the space 9600K,  47% used [0x6b200000, 0x6b672a60, 0x6b672c00, 0x6bb60000)
 Metaspace       used 2399K, capacity 2496K, committed 2584K, reserved 4400K
}

